Performing C SOURCE FILE Test CMAKE_HAVE_LIBC_PTHREAD failed with the following output:
Change Dir: /home/adesh/catkin_ws/src/path_planner/build/CMakeFiles/CMakeTmp

Run Build Command(s):/usr/bin/make cmTC_1a605/fast && /usr/bin/make -f CMakeFiles/cmTC_1a605.dir/build.make CMakeFiles/cmTC_1a605.dir/build
make[1]: Entering directory '/home/adesh/catkin_ws/src/path_planner/build/CMakeFiles/CMakeTmp'
Building C object CMakeFiles/cmTC_1a605.dir/src.c.o
/usr/bin/cc   -DCMAKE_HAVE_LIBC_PTHREAD   -o CMakeFiles/cmTC_1a605.dir/src.c.o   -c /home/adesh/catkin_ws/src/path_planner/build/CMakeFiles/CMakeTmp/src.c
Linking C executable cmTC_1a605
/usr/bin/cmake -E cmake_link_script CMakeFiles/cmTC_1a605.dir/link.txt --verbose=1
/usr/bin/cc  -DCMAKE_HAVE_LIBC_PTHREAD    -rdynamic CMakeFiles/cmTC_1a605.dir/src.c.o  -o cmTC_1a605 
/usr/bin/ld: CMakeFiles/cmTC_1a605.dir/src.c.o: in function `main':
src.c:(.text+0x46): undefined reference to `pthread_create'
/usr/bin/ld: src.c:(.text+0x52): undefined reference to `pthread_detach'
/usr/bin/ld: src.c:(.text+0x63): undefined reference to `pthread_join'
collect2: error: ld returned 1 exit status
make[1]: *** [CMakeFiles/cmTC_1a605.dir/build.make:87: cmTC_1a605] Error 1
make[1]: Leaving directory '/home/adesh/catkin_ws/src/path_planner/build/CMakeFiles/CMakeTmp'
make: *** [Makefile:121: cmTC_1a605/fast] Error 2


Source file was:
#include <pthread.h>

void* test_func(void* data)
{
  return data;
}

int main(void)
{
  pthread_t thread;
  pthread_create(&thread, NULL, test_func, NULL);
  pthread_detach(thread);
  pthread_join(thread, NULL);
  pthread_atfork(NULL, NULL, NULL);
  pthread_exit(NULL);

  return 0;
}

Determining if the function pthread_create exists in the pthreads failed with the following output:
Change Dir: /home/adesh/catkin_ws/src/path_planner/build/CMakeFiles/CMakeTmp

Run Build Command(s):/usr/bin/make cmTC_dcd03/fast && /usr/bin/make -f CMakeFiles/cmTC_dcd03.dir/build.make CMakeFiles/cmTC_dcd03.dir/build
make[1]: Entering directory '/home/adesh/catkin_ws/src/path_planner/build/CMakeFiles/CMakeTmp'
Building C object CMakeFiles/cmTC_dcd03.dir/CheckFunctionExists.c.o
/usr/bin/cc   -DCHECK_FUNCTION_EXISTS=pthread_create   -o CMakeFiles/cmTC_dcd03.dir/CheckFunctionExists.c.o   -c /usr/share/cmake-3.16/Modules/CheckFunctionExists.c
Linking C executable cmTC_dcd03
/usr/bin/cmake -E cmake_link_script CMakeFiles/cmTC_dcd03.dir/link.txt --verbose=1
/usr/bin/cc  -DCHECK_FUNCTION_EXISTS=pthread_create    -rdynamic CMakeFiles/cmTC_dcd03.dir/CheckFunctionExists.c.o  -o cmTC_dcd03  -lpthreads 
/usr/bin/ld: cannot find -lpthreads
collect2: error: ld returned 1 exit status
make[1]: *** [CMakeFiles/cmTC_dcd03.dir/build.make:87: cmTC_dcd03] Error 1
make[1]: Leaving directory '/home/adesh/catkin_ws/src/path_planner/build/CMakeFiles/CMakeTmp'
make: *** [Makefile:121: cmTC_dcd03/fast] Error 2



Performing C SOURCE FILE Test CMAKE_HAVE_LIBC_PTHREAD failed with the following output:
Change Dir: /home/adesh/catkin_ws/src/path_planner/build/CMakeFiles/CMakeTmp

Run Build Command(s):/usr/bin/make cmTC_72209/fast && /usr/bin/make -f CMakeFiles/cmTC_72209.dir/build.make CMakeFiles/cmTC_72209.dir/build
make[1]: Entering directory '/home/adesh/catkin_ws/src/path_planner/build/CMakeFiles/CMakeTmp'
Building C object CMakeFiles/cmTC_72209.dir/src.c.o
/usr/bin/cc   -DCMAKE_HAVE_LIBC_PTHREAD   -o CMakeFiles/cmTC_72209.dir/src.c.o   -c /home/adesh/catkin_ws/src/path_planner/build/CMakeFiles/CMakeTmp/src.c
Linking C executable cmTC_72209
/usr/bin/cmake -E cmake_link_script CMakeFiles/cmTC_72209.dir/link.txt --verbose=1
/usr/bin/cc  -DCMAKE_HAVE_LIBC_PTHREAD    -rdynamic CMakeFiles/cmTC_72209.dir/src.c.o  -o cmTC_72209 
/usr/bin/ld: CMakeFiles/cmTC_72209.dir/src.c.o: in function `main':
src.c:(.text+0x46): undefined reference to `pthread_create'
/usr/bin/ld: src.c:(.text+0x52): undefined reference to `pthread_detach'
/usr/bin/ld: src.c:(.text+0x63): undefined reference to `pthread_join'
collect2: error: ld returned 1 exit status
make[1]: *** [CMakeFiles/cmTC_72209.dir/build.make:87: cmTC_72209] Error 1
make[1]: Leaving directory '/home/adesh/catkin_ws/src/path_planner/build/CMakeFiles/CMakeTmp'
make: *** [Makefile:121: cmTC_72209/fast] Error 2


Source file was:
#include <pthread.h>

void* test_func(void* data)
{
  return data;
}

int main(void)
{
  pthread_t thread;
  pthread_create(&thread, NULL, test_func, NULL);
  pthread_detach(thread);
  pthread_join(thread, NULL);
  pthread_atfork(NULL, NULL, NULL);
  pthread_exit(NULL);

  return 0;
}

Determining if the function pthread_create exists in the pthreads failed with the following output:
Change Dir: /home/adesh/catkin_ws/src/path_planner/build/CMakeFiles/CMakeTmp

Run Build Command(s):/usr/bin/make cmTC_34ca5/fast && /usr/bin/make -f CMakeFiles/cmTC_34ca5.dir/build.make CMakeFiles/cmTC_34ca5.dir/build
make[1]: Entering directory '/home/adesh/catkin_ws/src/path_planner/build/CMakeFiles/CMakeTmp'
Building C object CMakeFiles/cmTC_34ca5.dir/CheckFunctionExists.c.o
/usr/bin/cc   -DCHECK_FUNCTION_EXISTS=pthread_create   -o CMakeFiles/cmTC_34ca5.dir/CheckFunctionExists.c.o   -c /usr/share/cmake-3.16/Modules/CheckFunctionExists.c
Linking C executable cmTC_34ca5
/usr/bin/cmake -E cmake_link_script CMakeFiles/cmTC_34ca5.dir/link.txt --verbose=1
/usr/bin/cc  -DCHECK_FUNCTION_EXISTS=pthread_create    -rdynamic CMakeFiles/cmTC_34ca5.dir/CheckFunctionExists.c.o  -o cmTC_34ca5  -lpthreads 
/usr/bin/ld: cannot find -lpthreads
collect2: error: ld returned 1 exit status
make[1]: *** [CMakeFiles/cmTC_34ca5.dir/build.make:87: cmTC_34ca5] Error 1
make[1]: Leaving directory '/home/adesh/catkin_ws/src/path_planner/build/CMakeFiles/CMakeTmp'
make: *** [Makefile:121: cmTC_34ca5/fast] Error 2



Performing C SOURCE FILE Test CMAKE_HAVE_LIBC_PTHREAD failed with the following output:
Change Dir: /home/adesh/catkin_ws/src/path_planner/build/CMakeFiles/CMakeTmp

Run Build Command(s):/usr/bin/make cmTC_f134a/fast && /usr/bin/make -f CMakeFiles/cmTC_f134a.dir/build.make CMakeFiles/cmTC_f134a.dir/build
make[1]: Entering directory '/home/adesh/catkin_ws/src/path_planner/build/CMakeFiles/CMakeTmp'
Building C object CMakeFiles/cmTC_f134a.dir/src.c.o
/usr/bin/cc   -DCMAKE_HAVE_LIBC_PTHREAD   -o CMakeFiles/cmTC_f134a.dir/src.c.o   -c /home/adesh/catkin_ws/src/path_planner/build/CMakeFiles/CMakeTmp/src.c
Linking C executable cmTC_f134a
/usr/bin/cmake -E cmake_link_script CMakeFiles/cmTC_f134a.dir/link.txt --verbose=1
/usr/bin/cc  -DCMAKE_HAVE_LIBC_PTHREAD    -rdynamic CMakeFiles/cmTC_f134a.dir/src.c.o  -o cmTC_f134a 
/usr/bin/ld: CMakeFiles/cmTC_f134a.dir/src.c.o: in function `main':
src.c:(.text+0x46): undefined reference to `pthread_create'
/usr/bin/ld: src.c:(.text+0x52): undefined reference to `pthread_detach'
/usr/bin/ld: src.c:(.text+0x63): undefined reference to `pthread_join'
collect2: error: ld returned 1 exit status
make[1]: *** [CMakeFiles/cmTC_f134a.dir/build.make:87: cmTC_f134a] Error 1
make[1]: Leaving directory '/home/adesh/catkin_ws/src/path_planner/build/CMakeFiles/CMakeTmp'
make: *** [Makefile:121: cmTC_f134a/fast] Error 2


Source file was:
#include <pthread.h>

void* test_func(void* data)
{
  return data;
}

int main(void)
{
  pthread_t thread;
  pthread_create(&thread, NULL, test_func, NULL);
  pthread_detach(thread);
  pthread_join(thread, NULL);
  pthread_atfork(NULL, NULL, NULL);
  pthread_exit(NULL);

  return 0;
}

Determining if the function pthread_create exists in the pthreads failed with the following output:
Change Dir: /home/adesh/catkin_ws/src/path_planner/build/CMakeFiles/CMakeTmp

Run Build Command(s):/usr/bin/make cmTC_3d498/fast && /usr/bin/make -f CMakeFiles/cmTC_3d498.dir/build.make CMakeFiles/cmTC_3d498.dir/build
make[1]: Entering directory '/home/adesh/catkin_ws/src/path_planner/build/CMakeFiles/CMakeTmp'
Building C object CMakeFiles/cmTC_3d498.dir/CheckFunctionExists.c.o
/usr/bin/cc   -DCHECK_FUNCTION_EXISTS=pthread_create   -o CMakeFiles/cmTC_3d498.dir/CheckFunctionExists.c.o   -c /usr/share/cmake-3.16/Modules/CheckFunctionExists.c
Linking C executable cmTC_3d498
/usr/bin/cmake -E cmake_link_script CMakeFiles/cmTC_3d498.dir/link.txt --verbose=1
/usr/bin/cc  -DCHECK_FUNCTION_EXISTS=pthread_create    -rdynamic CMakeFiles/cmTC_3d498.dir/CheckFunctionExists.c.o  -o cmTC_3d498  -lpthreads 
/usr/bin/ld: cannot find -lpthreads
collect2: error: ld returned 1 exit status
make[1]: *** [CMakeFiles/cmTC_3d498.dir/build.make:87: cmTC_3d498] Error 1
make[1]: Leaving directory '/home/adesh/catkin_ws/src/path_planner/build/CMakeFiles/CMakeTmp'
make: *** [Makefile:121: cmTC_3d498/fast] Error 2



Performing C SOURCE FILE Test CMAKE_HAVE_LIBC_PTHREAD failed with the following output:
Change Dir: /home/adesh/catkin_ws/src/path_planner/build/CMakeFiles/CMakeTmp

Run Build Command(s):/usr/bin/make cmTC_82186/fast && /usr/bin/make -f CMakeFiles/cmTC_82186.dir/build.make CMakeFiles/cmTC_82186.dir/build
make[1]: Entering directory '/home/adesh/catkin_ws/src/path_planner/build/CMakeFiles/CMakeTmp'
Building C object CMakeFiles/cmTC_82186.dir/src.c.o
/usr/bin/cc   -DCMAKE_HAVE_LIBC_PTHREAD   -o CMakeFiles/cmTC_82186.dir/src.c.o   -c /home/adesh/catkin_ws/src/path_planner/build/CMakeFiles/CMakeTmp/src.c
Linking C executable cmTC_82186
/usr/bin/cmake -E cmake_link_script CMakeFiles/cmTC_82186.dir/link.txt --verbose=1
/usr/bin/cc  -DCMAKE_HAVE_LIBC_PTHREAD    -rdynamic CMakeFiles/cmTC_82186.dir/src.c.o  -o cmTC_82186 
/usr/bin/ld: CMakeFiles/cmTC_82186.dir/src.c.o: in function `main':
src.c:(.text+0x46): undefined reference to `pthread_create'
/usr/bin/ld: src.c:(.text+0x52): undefined reference to `pthread_detach'
/usr/bin/ld: src.c:(.text+0x63): undefined reference to `pthread_join'
collect2: error: ld returned 1 exit status
make[1]: *** [CMakeFiles/cmTC_82186.dir/build.make:87: cmTC_82186] Error 1
make[1]: Leaving directory '/home/adesh/catkin_ws/src/path_planner/build/CMakeFiles/CMakeTmp'
make: *** [Makefile:121: cmTC_82186/fast] Error 2


Source file was:
#include <pthread.h>

void* test_func(void* data)
{
  return data;
}

int main(void)
{
  pthread_t thread;
  pthread_create(&thread, NULL, test_func, NULL);
  pthread_detach(thread);
  pthread_join(thread, NULL);
  pthread_atfork(NULL, NULL, NULL);
  pthread_exit(NULL);

  return 0;
}

Determining if the function pthread_create exists in the pthreads failed with the following output:
Change Dir: /home/adesh/catkin_ws/src/path_planner/build/CMakeFiles/CMakeTmp

Run Build Command(s):/usr/bin/make cmTC_c55d1/fast && /usr/bin/make -f CMakeFiles/cmTC_c55d1.dir/build.make CMakeFiles/cmTC_c55d1.dir/build
make[1]: Entering directory '/home/adesh/catkin_ws/src/path_planner/build/CMakeFiles/CMakeTmp'
Building C object CMakeFiles/cmTC_c55d1.dir/CheckFunctionExists.c.o
/usr/bin/cc   -DCHECK_FUNCTION_EXISTS=pthread_create   -o CMakeFiles/cmTC_c55d1.dir/CheckFunctionExists.c.o   -c /usr/share/cmake-3.16/Modules/CheckFunctionExists.c
Linking C executable cmTC_c55d1
/usr/bin/cmake -E cmake_link_script CMakeFiles/cmTC_c55d1.dir/link.txt --verbose=1
/usr/bin/cc  -DCHECK_FUNCTION_EXISTS=pthread_create    -rdynamic CMakeFiles/cmTC_c55d1.dir/CheckFunctionExists.c.o  -o cmTC_c55d1  -lpthreads 
/usr/bin/ld: cannot find -lpthreads
collect2: error: ld returned 1 exit status
make[1]: *** [CMakeFiles/cmTC_c55d1.dir/build.make:87: cmTC_c55d1] Error 1
make[1]: Leaving directory '/home/adesh/catkin_ws/src/path_planner/build/CMakeFiles/CMakeTmp'
make: *** [Makefile:121: cmTC_c55d1/fast] Error 2



Performing C SOURCE FILE Test CMAKE_HAVE_LIBC_PTHREAD failed with the following output:
Change Dir: /home/adesh/catkin_ws/src/path_planner/build/CMakeFiles/CMakeTmp

Run Build Command(s):/usr/bin/make cmTC_076e9/fast && /usr/bin/make -f CMakeFiles/cmTC_076e9.dir/build.make CMakeFiles/cmTC_076e9.dir/build
make[1]: Entering directory '/home/adesh/catkin_ws/src/path_planner/build/CMakeFiles/CMakeTmp'
Building C object CMakeFiles/cmTC_076e9.dir/src.c.o
/usr/bin/cc   -DCMAKE_HAVE_LIBC_PTHREAD   -o CMakeFiles/cmTC_076e9.dir/src.c.o   -c /home/adesh/catkin_ws/src/path_planner/build/CMakeFiles/CMakeTmp/src.c
Linking C executable cmTC_076e9
/usr/bin/cmake -E cmake_link_script CMakeFiles/cmTC_076e9.dir/link.txt --verbose=1
/usr/bin/cc  -DCMAKE_HAVE_LIBC_PTHREAD    -rdynamic CMakeFiles/cmTC_076e9.dir/src.c.o  -o cmTC_076e9 
/usr/bin/ld: CMakeFiles/cmTC_076e9.dir/src.c.o: in function `main':
src.c:(.text+0x46): undefined reference to `pthread_create'
/usr/bin/ld: src.c:(.text+0x52): undefined reference to `pthread_detach'
/usr/bin/ld: src.c:(.text+0x63): undefined reference to `pthread_join'
collect2: error: ld returned 1 exit status
make[1]: *** [CMakeFiles/cmTC_076e9.dir/build.make:87: cmTC_076e9] Error 1
make[1]: Leaving directory '/home/adesh/catkin_ws/src/path_planner/build/CMakeFiles/CMakeTmp'
make: *** [Makefile:121: cmTC_076e9/fast] Error 2


Source file was:
#include <pthread.h>

void* test_func(void* data)
{
  return data;
}

int main(void)
{
  pthread_t thread;
  pthread_create(&thread, NULL, test_func, NULL);
  pthread_detach(thread);
  pthread_join(thread, NULL);
  pthread_atfork(NULL, NULL, NULL);
  pthread_exit(NULL);

  return 0;
}

Determining if the function pthread_create exists in the pthreads failed with the following output:
Change Dir: /home/adesh/catkin_ws/src/path_planner/build/CMakeFiles/CMakeTmp

Run Build Command(s):/usr/bin/make cmTC_437e7/fast && /usr/bin/make -f CMakeFiles/cmTC_437e7.dir/build.make CMakeFiles/cmTC_437e7.dir/build
make[1]: Entering directory '/home/adesh/catkin_ws/src/path_planner/build/CMakeFiles/CMakeTmp'
Building C object CMakeFiles/cmTC_437e7.dir/CheckFunctionExists.c.o
/usr/bin/cc   -DCHECK_FUNCTION_EXISTS=pthread_create   -o CMakeFiles/cmTC_437e7.dir/CheckFunctionExists.c.o   -c /usr/share/cmake-3.16/Modules/CheckFunctionExists.c
Linking C executable cmTC_437e7
/usr/bin/cmake -E cmake_link_script CMakeFiles/cmTC_437e7.dir/link.txt --verbose=1
/usr/bin/cc  -DCHECK_FUNCTION_EXISTS=pthread_create    -rdynamic CMakeFiles/cmTC_437e7.dir/CheckFunctionExists.c.o  -o cmTC_437e7  -lpthreads 
/usr/bin/ld: cannot find -lpthreads
collect2: error: ld returned 1 exit status
make[1]: *** [CMakeFiles/cmTC_437e7.dir/build.make:87: cmTC_437e7] Error 1
make[1]: Leaving directory '/home/adesh/catkin_ws/src/path_planner/build/CMakeFiles/CMakeTmp'
make: *** [Makefile:121: cmTC_437e7/fast] Error 2



